# JRE version: Java(TM) SE Runtime Environment (7.0_51-b13) (build 1.7.0_51-b13)
# Java VM: Java HotSpot(TM) 64-Bit Server VM (24.51-b03 mixed mode windows-amd64 compressed oops)
Heap
 PSYoungGen      total 49664K, used 0K [0x00000007d5f00000, 0x00000007d9b80000, 0x0000000800000000)
  eden space 36864K, 0% used [0x00000007d5f00000,0x00000007d5f000c8,0x00000007d8300000)
  from space 12800K, 0% used [0x00000007d8300000,0x00000007d8300000,0x00000007d8f80000)
  to   space 12288K, 0% used [0x00000007d8f80000,0x00000007d8f80000,0x00000007d9b80000)
 ParOldGen       total 443904K, used 14192K [0x0000000781e00000, 0x000000079cf80000, 0x00000007d5f00000)
  object space 443904K, 3% used [0x0000000781e00000,0x0000000782bdc2a8,0x000000079cf80000)
 PSPermGen       total 83968K, used 83967K [0x000000077cc00000, 0x0000000781e00000, 0x0000000781e00000)
  object space 83968K, 99% used [0x000000077cc00000,0x0000000781dffdb0,0x0000000781e00000)
GC Heap History (10 events):
Event: 688.486 GC heap before
{Heap before GC invocations=28 (full 5):
 PSYoungGen      total 49152K, used 96K [0x00000007d5f00000, 0x00000007d9c00000, 0x0000000800000000)
  eden space 36352K, 0% used [0x00000007d5f00000,0x00000007d5f00000,0x00000007d8280000)
  from space 12800K, 0% used [0x00000007d8280000,0x00000007d8298000,0x00000007d8f00000)
  to   space 12800K, 0% used [0x00000007d8f80000,0x00000007d8f80000,0x00000007d9c00000)
 ParOldGen       total 187904K, used 14721K [0x0000000781e00000, 0x000000078d580000, 0x00000007d5f00000)
  object space 187904K, 7% used [0x0000000781e00000,0x0000000782c60500,0x000000078d580000)
 PSPermGen       total 83968K, used 83967K [0x000000077cc00000, 0x0000000781e00000, 0x0000000781e00000)
  object space 83968K, 99% used [0x000000077cc00000,0x0000000781dfff78,0x0000000781e00000)
Event: 688.590 GC heap after
Heap after GC invocations=28 (full 5):
 PSYoungGen      total 49152K, used 0K [0x00000007d5f00000, 0x00000007d9c00000, 0x0000000800000000)
  eden space 36352K, 0% used [0x00000007d5f00000,0x00000007d5f00000,0x00000007d8280000)
  from space 12800K, 0% used [0x00000007d8280000,0x00000007d8280000,0x00000007d8f00000)
  to   space 12800K, 0% used [0x00000007d8f80000,0x00000007d8f80000,0x00000007d9c00000)
 ParOldGen       total 253952K, used 14164K [0x0000000781e00000, 0x0000000791600000, 0x00000007d5f00000)
  object space 253952K, 5% used [0x0000000781e00000,0x0000000782bd5018,0x0000000791600000)
 PSPermGen       total 83968K, used 83849K [0x000000077cc00000, 0x0000000781e00000, 0x0000000781e00000)
  object space 83968K, 99% used [0x000000077cc00000,0x0000000781de2698,0x0000000781e00000)
}
Event: 703.107 GC heap before
{Heap before GC invocations=29 (full 5):
 PSYoungGen      total 49152K, used 1127K [0x00000007d5f00000, 0x00000007d9c00000, 0x0000000800000000)
  eden space 36352K, 3% used [0x00000007d5f00000,0x00000007d6019e58,0x00000007d8280000)
  from space 12800K, 0% used [0x00000007d8280000,0x00000007d8280000,0x00000007d8f00000)
  to   space 12800K, 0% used [0x00000007d8f80000,0x00000007d8f80000,0x00000007d9c00000)
 ParOldGen       total 253952K, used 14164K [0x0000000781e00000, 0x0000000791600000, 0x00000007d5f00000)
  object space 253952K, 5% used [0x0000000781e00000,0x0000000782bd5018,0x0000000791600000)
 PSPermGen       total 83968K, used 83967K [0x000000077cc00000, 0x0000000781e00000, 0x0000000781e00000)
  object space 83968K, 99% used [0x000000077cc00000,0x0000000781dffdb0,0x0000000781e00000)
Event: 703.109 GC heap after
Heap after GC invocations=29 (full 5):
 PSYoungGen      total 49664K, used 128K [0x00000007d5f00000, 0x00000007d9c00000, 0x0000000800000000)
  eden space 36864K, 0% used [0x00000007d5f00000,0x00000007d5f00000,0x00000007d8300000)
  from space 12800K, 1% used [0x00000007d8f80000,0x00000007d8fa0000,0x00000007d9c00000)
  to   space 12800K, 0% used [0x00000007d8300000,0x00000007d8300000,0x00000007d8f80000)
 ParOldGen       total 253952K, used 14164K [0x0000000781e00000, 0x0000000791600000, 0x00000007d5f00000)
  object space 253952K, 5% used [0x0000000781e00000,0x0000000782bd5018,0x0000000791600000)
 PSPermGen       total 83968K, used 83967K [0x000000077cc00000, 0x0000000781e00000, 0x0000000781e00000)
  object space 83968K, 99% used [0x000000077cc00000,0x0000000781dffdb0,0x0000000781e00000)
}
Event: 703.109 GC heap before
{Heap before GC invocations=30 (full 6):
 PSYoungGen      total 49664K, used 128K [0x00000007d5f00000, 0x00000007d9c00000, 0x0000000800000000)
  eden space 36864K, 0% used [0x00000007d5f00000,0x00000007d5f00000,0x00000007d8300000)
  from space 12800K, 1% used [0x00000007d8f80000,0x00000007d8fa0000,0x00000007d9c00000)
  to   space 12800K, 0% used [0x00000007d8300000,0x00000007d8300000,0x00000007d8f80000)
 ParOldGen       total 253952K, used 14164K [0x0000000781e00000, 0x0000000791600000, 0x00000007d5f00000)
  object space 253952K, 5% used [0x0000000781e00000,0x0000000782bd5018,0x0000000791600000)
 PSPermGen       total 83968K, used 83967K [0x000000077cc00000, 0x0000000781e00000, 0x0000000781e00000)
  object space 83968K, 99% used [0x000000077cc00000,0x0000000781dffdb0,0x0000000781e00000)
Event: 703.214 GC heap after
Heap after GC invocations=30 (full 6):
 PSYoungGen      total 49664K, used 0K [0x00000007d5f00000, 0x00000007d9c00000, 0x0000000800000000)
  eden space 36864K, 0% used [0x00000007d5f00000,0x00000007d5f00000,0x00000007d8300000)
  from space 12800K, 0% used [0x00000007d8f80000,0x00000007d8f80000,0x00000007d9c00000)
  to   space 12800K, 0% used [0x00000007d8300000,0x00000007d8300000,0x00000007d8f80000)
 ParOldGen       total 346624K, used 14204K [0x0000000781e00000, 0x0000000797080000, 0x00000007d5f00000)
  object space 346624K, 4% used [0x0000000781e00000,0x0000000782bdf150,0x0000000797080000)
 PSPermGen       total 83968K, used 83967K [0x000000077cc00000, 0x0000000781e00000, 0x0000000781e00000)
  object space 83968K, 99% used [0x000000077cc00000,0x0000000781dffdb0,0x0000000781e00000)
}
Event: 703.214 GC heap before
{Heap before GC invocations=31 (full 6):
 PSYoungGen      total 49664K, used 0K [0x00000007d5f00000, 0x00000007d9c00000, 0x0000000800000000)
  eden space 36864K, 0% used [0x00000007d5f00000,0x00000007d5f00000,0x00000007d8300000)
  from space 12800K, 0% used [0x00000007d8f80000,0x00000007d8f80000,0x00000007d9c00000)
  to   space 12800K, 0% used [0x00000007d8300000,0x00000007d8300000,0x00000007d8f80000)
 ParOldGen       total 346624K, used 14204K [0x0000000781e00000, 0x0000000797080000, 0x00000007d5f00000)
  object space 346624K, 4% used [0x0000000781e00000,0x0000000782bdf150,0x0000000797080000)
 PSPermGen       total 83968K, used 83967K [0x000000077cc00000, 0x0000000781e00000, 0x0000000781e00000)
  object space 83968K, 99% used [0x000000077cc00000,0x0000000781dffdb0,0x0000000781e00000)
Event: 703.216 GC heap after
Heap after GC invocations=31 (full 6):
 PSYoungGen      total 49664K, used 0K [0x00000007d5f00000, 0x00000007d9b80000, 0x0000000800000000)
  eden space 36864K, 0% used [0x00000007d5f00000,0x00000007d5f00000,0x00000007d8300000)
  from space 12800K, 0% used [0x00000007d8300000,0x00000007d8300000,0x00000007d8f80000)
  to   space 12288K, 0% used [0x00000007d8f80000,0x00000007d8f80000,0x00000007d9b80000)
 ParOldGen       total 346624K, used 14204K [0x0000000781e00000, 0x0000000797080000, 0x00000007d5f00000)
  object space 346624K, 4% used [0x0000000781e00000,0x0000000782bdf150,0x0000000797080000)
 PSPermGen       total 83968K, used 83967K [0x000000077cc00000, 0x0000000781e00000, 0x0000000781e00000)
  object space 83968K, 99% used [0x000000077cc00000,0x0000000781dffdb0,0x0000000781e00000)
}
Event: 703.216 GC heap before
{Heap before GC invocations=32 (full 7):
 PSYoungGen      total 49664K, used 0K [0x00000007d5f00000, 0x00000007d9b80000, 0x0000000800000000)
  eden space 36864K, 0% used [0x00000007d5f00000,0x00000007d5f00000,0x00000007d8300000)
  from space 12800K, 0% used [0x00000007d8300000,0x00000007d8300000,0x00000007d8f80000)
  to   space 12288K, 0% used [0x00000007d8f80000,0x00000007d8f80000,0x00000007d9b80000)
 ParOldGen       total 346624K, used 14204K [0x0000000781e00000, 0x0000000797080000, 0x00000007d5f00000)
  object space 346624K, 4% used [0x0000000781e00000,0x0000000782bdf150,0x0000000797080000)
 PSPermGen       total 83968K, used 83967K [0x000000077cc00000, 0x0000000781e00000, 0x0000000781e00000)
  object space 83968K, 99% used [0x000000077cc00000,0x0000000781dffdb0,0x0000000781e00000)
Event: 703.270 GC heap after
Heap after GC invocations=32 (full 7):
 PSYoungGen      total 49664K, used 0K [0x00000007d5f00000, 0x00000007d9b80000, 0x0000000800000000)
  eden space 36864K, 0% used [0x00000007d5f00000,0x00000007d5f00000,0x00000007d8300000)
  from space 12800K, 0% used [0x00000007d8300000,0x00000007d8300000,0x00000007d8f80000)
  to   space 12288K, 0% used [0x00000007d8f80000,0x00000007d8f80000,0x00000007d9b80000)
 ParOldGen       total 443904K, used 14192K [0x0000000781e00000, 0x000000079cf80000, 0x00000007d5f00000)
  object space 443904K, 3% used [0x0000000781e00000,0x0000000782bdc2a8,0x000000079cf80000)
 PSPermGen       total 83968K, used 83967K [0x000000077cc00000, 0x0000000781e00000, 0x0000000781e00000)
  object space 83968K, 99% used [0x000000077cc00000,0x0000000781dffdb0,0x0000000781e00000)
}

