# JRE version: Java(TM) SE Runtime Environment (7.0_51-b13) (build 1.7.0_51-b13)
# Java VM: Java HotSpot(TM) 64-Bit Server VM (24.51-b03 mixed mode windows-amd64 compressed oops)
Heap
 PSYoungGen      total 39936K, used 45K [0x00000007d5f00000, 0x00000007d9280000, 0x0000000800000000)
  eden space 26624K, 0% used [0x00000007d5f00000,0x00000007d5f0b640,0x00000007d7900000)
  from space 13312K, 0% used [0x00000007d7900000,0x00000007d7900000,0x00000007d8600000)
  to   space 12800K, 0% used [0x00000007d8600000,0x00000007d8600000,0x00000007d9280000)
 ParOldGen       total 576512K, used 15548K [0x0000000781e00000, 0x00000007a5100000, 0x00000007d5f00000)
  object space 576512K, 2% used [0x0000000781e00000,0x0000000782d2f0f0,0x00000007a5100000)
 PSPermGen       total 83968K, used 83964K [0x000000077cc00000, 0x0000000781e00000, 0x0000000781e00000)
  object space 83968K, 99% used [0x000000077cc00000,0x0000000781dff280,0x0000000781e00000)
GC Heap History (10 events):
Event: 523.596 GC heap before
{Heap before GC invocations=29 (full 6):
 PSYoungGen      total 39936K, used 912K [0x00000007d5f00000, 0x00000007d9300000, 0x0000000800000000)
  eden space 26112K, 0% used [0x00000007d5f00000,0x00000007d5f00000,0x00000007d7880000)
  from space 13824K, 6% used [0x00000007d7880000,0x00000007d79640f0,0x00000007d8600000)
  to   space 13312K, 0% used [0x00000007d8600000,0x00000007d8600000,0x00000007d9300000)
 ParOldGen       total 258048K, used 15216K [0x0000000781e00000, 0x0000000791a00000, 0x00000007d5f00000)
  object space 258048K, 5% used [0x0000000781e00000,0x0000000782cdc080,0x0000000791a00000)
 PSPermGen       total 83968K, used 83967K [0x000000077cc00000, 0x0000000781e00000, 0x0000000781e00000)
  object space 83968K, 99% used [0x000000077cc00000,0x0000000781dfff80,0x0000000781e00000)
Event: 523.744 GC heap after
Heap after GC invocations=29 (full 6):
 PSYoungGen      total 39936K, used 0K [0x00000007d5f00000, 0x00000007d9300000, 0x0000000800000000)
  eden space 26112K, 0% used [0x00000007d5f00000,0x00000007d5f00000,0x00000007d7880000)
  from space 13824K, 0% used [0x00000007d7880000,0x00000007d7880000,0x00000007d8600000)
  to   space 13312K, 0% used [0x00000007d8600000,0x00000007d8600000,0x00000007d9300000)
 ParOldGen       total 352256K, used 15651K [0x0000000781e00000, 0x0000000797600000, 0x00000007d5f00000)
  object space 352256K, 4% used [0x0000000781e00000,0x0000000782d48e88,0x0000000797600000)
 PSPermGen       total 83968K, used 83961K [0x000000077cc00000, 0x0000000781e00000, 0x0000000781e00000)
  object space 83968K, 99% used [0x000000077cc00000,0x0000000781dfe730,0x0000000781e00000)
}
Event: 523.745 GC heap before
{Heap before GC invocations=30 (full 6):
 PSYoungGen      total 39936K, used 26K [0x00000007d5f00000, 0x00000007d9300000, 0x0000000800000000)
  eden space 26112K, 0% used [0x00000007d5f00000,0x00000007d5f06968,0x00000007d7880000)
  from space 13824K, 0% used [0x00000007d7880000,0x00000007d7880000,0x00000007d8600000)
  to   space 13312K, 0% used [0x00000007d8600000,0x00000007d8600000,0x00000007d9300000)
 ParOldGen       total 352256K, used 15651K [0x0000000781e00000, 0x0000000797600000, 0x00000007d5f00000)
  object space 352256K, 4% used [0x0000000781e00000,0x0000000782d48e88,0x0000000797600000)
 PSPermGen       total 83968K, used 83967K [0x000000077cc00000, 0x0000000781e00000, 0x0000000781e00000)
  object space 83968K, 99% used [0x000000077cc00000,0x0000000781dffe78,0x0000000781e00000)
Event: 523.747 GC heap after
Heap after GC invocations=30 (full 6):
 PSYoungGen      total 39936K, used 64K [0x00000007d5f00000, 0x00000007d9300000, 0x0000000800000000)
  eden space 26624K, 0% used [0x00000007d5f00000,0x00000007d5f00000,0x00000007d7900000)
  from space 13312K, 0% used [0x00000007d8600000,0x00000007d8610000,0x00000007d9300000)
  to   space 13312K, 0% used [0x00000007d7900000,0x00000007d7900000,0x00000007d8600000)
 ParOldGen       total 352256K, used 15651K [0x0000000781e00000, 0x0000000797600000, 0x00000007d5f00000)
  object space 352256K, 4% used [0x0000000781e00000,0x0000000782d48e88,0x0000000797600000)
 PSPermGen       total 83968K, used 83967K [0x000000077cc00000, 0x0000000781e00000, 0x0000000781e00000)
  object space 83968K, 99% used [0x000000077cc00000,0x0000000781dffe78,0x0000000781e00000)
}
Event: 523.747 GC heap before
{Heap before GC invocations=31 (full 7):
 PSYoungGen      total 39936K, used 64K [0x00000007d5f00000, 0x00000007d9300000, 0x0000000800000000)
  eden space 26624K, 0% used [0x00000007d5f00000,0x00000007d5f00000,0x00000007d7900000)
  from space 13312K, 0% used [0x00000007d8600000,0x00000007d8610000,0x00000007d9300000)
  to   space 13312K, 0% used [0x00000007d7900000,0x00000007d7900000,0x00000007d8600000)
 ParOldGen       total 352256K, used 15651K [0x0000000781e00000, 0x0000000797600000, 0x00000007d5f00000)
  object space 352256K, 4% used [0x0000000781e00000,0x0000000782d48e88,0x0000000797600000)
 PSPermGen       total 83968K, used 83967K [0x000000077cc00000, 0x0000000781e00000, 0x0000000781e00000)
  object space 83968K, 99% used [0x000000077cc00000,0x0000000781dffe78,0x0000000781e00000)
Event: 523.823 GC heap after
Heap after GC invocations=31 (full 7):
 PSYoungGen      total 39936K, used 0K [0x00000007d5f00000, 0x00000007d9300000, 0x0000000800000000)
  eden space 26624K, 0% used [0x00000007d5f00000,0x00000007d5f00000,0x00000007d7900000)
  from space 13312K, 0% used [0x00000007d8600000,0x00000007d8600000,0x00000007d9300000)
  to   space 13312K, 0% used [0x00000007d7900000,0x00000007d7900000,0x00000007d8600000)
 ParOldGen       total 450560K, used 15597K [0x0000000781e00000, 0x000000079d600000, 0x00000007d5f00000)
  object space 450560K, 3% used [0x0000000781e00000,0x0000000782d3b580,0x000000079d600000)
 PSPermGen       total 83968K, used 83967K [0x000000077cc00000, 0x0000000781e00000, 0x0000000781e00000)
  object space 83968K, 99% used [0x000000077cc00000,0x0000000781dffe58,0x0000000781e00000)
}
Event: 523.823 GC heap before
{Heap before GC invocations=32 (full 7):
 PSYoungGen      total 39936K, used 0K [0x00000007d5f00000, 0x00000007d9300000, 0x0000000800000000)
  eden space 26624K, 0% used [0x00000007d5f00000,0x00000007d5f00000,0x00000007d7900000)
  from space 13312K, 0% used [0x00000007d8600000,0x00000007d8600000,0x00000007d9300000)
  to   space 13312K, 0% used [0x00000007d7900000,0x00000007d7900000,0x00000007d8600000)
 ParOldGen       total 450560K, used 15597K [0x0000000781e00000, 0x000000079d600000, 0x00000007d5f00000)
  object space 450560K, 3% used [0x0000000781e00000,0x0000000782d3b580,0x000000079d600000)
 PSPermGen       total 83968K, used 83967K [0x000000077cc00000, 0x0000000781e00000, 0x0000000781e00000)
  object space 83968K, 99% used [0x000000077cc00000,0x0000000781dffe58,0x0000000781e00000)
Event: 523.826 GC heap after
Heap after GC invocations=32 (full 7):
 PSYoungGen      total 39936K, used 0K [0x00000007d5f00000, 0x00000007d9280000, 0x0000000800000000)
  eden space 26624K, 0% used [0x00000007d5f00000,0x00000007d5f00000,0x00000007d7900000)
  from space 13312K, 0% used [0x00000007d7900000,0x00000007d7900000,0x00000007d8600000)
  to   space 12800K, 0% used [0x00000007d8600000,0x00000007d8600000,0x00000007d9280000)
 ParOldGen       total 450560K, used 15597K [0x0000000781e00000, 0x000000079d600000, 0x00000007d5f00000)
  object space 450560K, 3% used [0x0000000781e00000,0x0000000782d3b580,0x000000079d600000)
 PSPermGen       total 83968K, used 83967K [0x000000077cc00000, 0x0000000781e00000, 0x0000000781e00000)
  object space 83968K, 99% used [0x000000077cc00000,0x0000000781dffe58,0x0000000781e00000)
}
Event: 523.826 GC heap before
{Heap before GC invocations=33 (full 8):
 PSYoungGen      total 39936K, used 0K [0x00000007d5f00000, 0x00000007d9280000, 0x0000000800000000)
  eden space 26624K, 0% used [0x00000007d5f00000,0x00000007d5f00000,0x00000007d7900000)
  from space 13312K, 0% used [0x00000007d7900000,0x00000007d7900000,0x00000007d8600000)
  to   space 12800K, 0% used [0x00000007d8600000,0x00000007d8600000,0x00000007d9280000)
 ParOldGen       total 450560K, used 15597K [0x0000000781e00000, 0x000000079d600000, 0x00000007d5f00000)
  object space 450560K, 3% used [0x0000000781e00000,0x0000000782d3b580,0x000000079d600000)
 PSPermGen       total 83968K, used 83967K [0x000000077cc00000, 0x0000000781e00000, 0x0000000781e00000)
  object space 83968K, 99% used [0x000000077cc00000,0x0000000781dffe58,0x0000000781e00000)
Event: 523.909 GC heap after
Heap after GC invocations=33 (full 8):
 PSYoungGen      total 39936K, used 0K [0x00000007d5f00000, 0x00000007d9280000, 0x0000000800000000)
  eden space 26624K, 0% used [0x00000007d5f00000,0x00000007d5f00000,0x00000007d7900000)
  from space 13312K, 0% used [0x00000007d7900000,0x00000007d7900000,0x00000007d8600000)
  to   space 12800K, 0% used [0x00000007d8600000,0x00000007d8600000,0x00000007d9280000)
 ParOldGen       total 576512K, used 15548K [0x0000000781e00000, 0x00000007a5100000, 0x00000007d5f00000)
  object space 576512K, 2% used [0x0000000781e00000,0x0000000782d2f0f0,0x00000007a5100000)
 PSPermGen       total 83968K, used 83964K [0x000000077cc00000, 0x0000000781e00000, 0x0000000781e00000)
  object space 83968K, 99% used [0x000000077cc00000,0x0000000781dff280,0x0000000781e00000)
}

