# JRE version: Java(TM) SE Runtime Environment (7.0_51-b13) (build 1.7.0_51-b13)
# Java VM: Java HotSpot(TM) 64-Bit Server VM (24.51-b03 mixed mode windows-amd64 compressed oops)
Heap
 PSYoungGen      total 43520K, used 0K [0x00000007d5f00000, 0x00000007d8e80000, 0x0000000800000000)
  eden space 39424K, 0% used [0x00000007d5f00000,0x00000007d5f00000,0x00000007d8580000)
  from space 4096K, 0% used [0x00000007d8a80000,0x00000007d8a80000,0x00000007d8e80000)
  to   space 4608K, 0% used [0x00000007d8580000,0x00000007d8580000,0x00000007d8a00000)
 ParOldGen       total 1377280K, used 14238K [0x0000000781e00000, 0x00000007d5f00000, 0x00000007d5f00000)
  object space 1377280K, 1% used [0x0000000781e00000,0x0000000782be7b10,0x00000007d5f00000)
 PSPermGen       total 83968K, used 83966K [0x000000077cc00000, 0x0000000781e00000, 0x0000000781e00000)
  object space 83968K, 99% used [0x000000077cc00000,0x0000000781dff9f8,0x0000000781e00000)
GC Heap History (10 events):
Event: 2106.680 GC heap before
{Heap before GC invocations=66 (full 22):
 PSYoungGen      total 43520K, used 64K [0x00000007d5f00000, 0x00000007d8f00000, 0x0000000800000000)
  eden space 38912K, 0% used [0x00000007d5f00000,0x00000007d5f00000,0x00000007d8500000)
  from space 4608K, 1% used [0x00000007d8a80000,0x00000007d8a90000,0x00000007d8f00000)
  to   space 5120K, 0% used [0x00000007d8500000,0x00000007d8500000,0x00000007d8a00000)
 ParOldGen       total 1377280K, used 14238K [0x0000000781e00000, 0x00000007d5f00000, 0x00000007d5f00000)
  object space 1377280K, 1% used [0x0000000781e00000,0x0000000782be7b10,0x00000007d5f00000)
 PSPermGen       total 83968K, used 83967K [0x000000077cc00000, 0x0000000781e00000, 0x0000000781e00000)
  object space 83968K, 99% used [0x000000077cc00000,0x0000000781dffcd0,0x0000000781e00000)
Event: 2106.749 GC heap after
Heap after GC invocations=66 (full 22):
 PSYoungGen      total 43520K, used 0K [0x00000007d5f00000, 0x00000007d8f00000, 0x0000000800000000)
  eden space 38912K, 0% used [0x00000007d5f00000,0x00000007d5f00000,0x00000007d8500000)
  from space 4608K, 0% used [0x00000007d8a80000,0x00000007d8a80000,0x00000007d8f00000)
  to   space 5120K, 0% used [0x00000007d8500000,0x00000007d8500000,0x00000007d8a00000)
 ParOldGen       total 1377280K, used 14238K [0x0000000781e00000, 0x00000007d5f00000, 0x00000007d5f00000)
  object space 1377280K, 1% used [0x0000000781e00000,0x0000000782be7b10,0x00000007d5f00000)
 PSPermGen       total 83968K, used 83936K [0x000000077cc00000, 0x0000000781e00000, 0x0000000781e00000)
  object space 83968K, 99% used [0x000000077cc00000,0x0000000781df8058,0x0000000781e00000)
}
Event: 2106.750 GC heap before
{Heap before GC invocations=67 (full 22):
 PSYoungGen      total 43520K, used 18K [0x00000007d5f00000, 0x00000007d8f00000, 0x0000000800000000)
  eden space 38912K, 0% used [0x00000007d5f00000,0x00000007d5f048c8,0x00000007d8500000)
  from space 4608K, 0% used [0x00000007d8a80000,0x00000007d8a80000,0x00000007d8f00000)
  to   space 5120K, 0% used [0x00000007d8500000,0x00000007d8500000,0x00000007d8a00000)
 ParOldGen       total 1377280K, used 14238K [0x0000000781e00000, 0x00000007d5f00000, 0x00000007d5f00000)
  object space 1377280K, 1% used [0x0000000781e00000,0x0000000782be7b10,0x00000007d5f00000)
 PSPermGen       total 83968K, used 83966K [0x000000077cc00000, 0x0000000781e00000, 0x0000000781e00000)
  object space 83968K, 99% used [0x000000077cc00000,0x0000000781dff9f8,0x0000000781e00000)
Event: 2106.752 GC heap after
Heap after GC invocations=67 (full 22):
 PSYoungGen      total 44032K, used 0K [0x00000007d5f00000, 0x00000007d8f80000, 0x0000000800000000)
  eden space 38912K, 0% used [0x00000007d5f00000,0x00000007d5f00000,0x00000007d8500000)
  from space 5120K, 0% used [0x00000007d8500000,0x00000007d8500000,0x00000007d8a00000)
  to   space 5120K, 0% used [0x00000007d8a80000,0x00000007d8a80000,0x00000007d8f80000)
 ParOldGen       total 1377280K, used 14238K [0x0000000781e00000, 0x00000007d5f00000, 0x00000007d5f00000)
  object space 1377280K, 1% used [0x0000000781e00000,0x0000000782be7b10,0x00000007d5f00000)
 PSPermGen       total 83968K, used 83966K [0x000000077cc00000, 0x0000000781e00000, 0x0000000781e00000)
  object space 83968K, 99% used [0x000000077cc00000,0x0000000781dff9f8,0x0000000781e00000)
}
Event: 2106.752 GC heap before
{Heap before GC invocations=68 (full 23):
 PSYoungGen      total 44032K, used 0K [0x00000007d5f00000, 0x00000007d8f80000, 0x0000000800000000)
  eden space 38912K, 0% used [0x00000007d5f00000,0x00000007d5f00000,0x00000007d8500000)
  from space 5120K, 0% used [0x00000007d8500000,0x00000007d8500000,0x00000007d8a00000)
  to   space 5120K, 0% used [0x00000007d8a80000,0x00000007d8a80000,0x00000007d8f80000)
 ParOldGen       total 1377280K, used 14238K [0x0000000781e00000, 0x00000007d5f00000, 0x00000007d5f00000)
  object space 1377280K, 1% used [0x0000000781e00000,0x0000000782be7b10,0x00000007d5f00000)
 PSPermGen       total 83968K, used 83966K [0x000000077cc00000, 0x0000000781e00000, 0x0000000781e00000)
  object space 83968K, 99% used [0x000000077cc00000,0x0000000781dff9f8,0x0000000781e00000)
Event: 2106.809 GC heap after
Heap after GC invocations=68 (full 23):
 PSYoungGen      total 44032K, used 0K [0x00000007d5f00000, 0x00000007d8f80000, 0x0000000800000000)
  eden space 38912K, 0% used [0x00000007d5f00000,0x00000007d5f00000,0x00000007d8500000)
  from space 5120K, 0% used [0x00000007d8500000,0x00000007d8500000,0x00000007d8a00000)
  to   space 5120K, 0% used [0x00000007d8a80000,0x00000007d8a80000,0x00000007d8f80000)
 ParOldGen       total 1377280K, used 14238K [0x0000000781e00000, 0x00000007d5f00000, 0x00000007d5f00000)
  object space 1377280K, 1% used [0x0000000781e00000,0x0000000782be7b10,0x00000007d5f00000)
 PSPermGen       total 83968K, used 83966K [0x000000077cc00000, 0x0000000781e00000, 0x0000000781e00000)
  object space 83968K, 99% used [0x000000077cc00000,0x0000000781dff9f8,0x0000000781e00000)
}
Event: 2106.809 GC heap before
{Heap before GC invocations=69 (full 23):
 PSYoungGen      total 44032K, used 0K [0x00000007d5f00000, 0x00000007d8f80000, 0x0000000800000000)
  eden space 38912K, 0% used [0x00000007d5f00000,0x00000007d5f00000,0x00000007d8500000)
  from space 5120K, 0% used [0x00000007d8500000,0x00000007d8500000,0x00000007d8a00000)
  to   space 5120K, 0% used [0x00000007d8a80000,0x00000007d8a80000,0x00000007d8f80000)
 ParOldGen       total 1377280K, used 14238K [0x0000000781e00000, 0x00000007d5f00000, 0x00000007d5f00000)
  object space 1377280K, 1% used [0x0000000781e00000,0x0000000782be7b10,0x00000007d5f00000)
 PSPermGen       total 83968K, used 83966K [0x000000077cc00000, 0x0000000781e00000, 0x0000000781e00000)
  object space 83968K, 99% used [0x000000077cc00000,0x0000000781dff9f8,0x0000000781e00000)
Event: 2106.811 GC heap after
Heap after GC invocations=69 (full 23):
 PSYoungGen      total 43520K, used 0K [0x00000007d5f00000, 0x00000007d8e80000, 0x0000000800000000)
  eden space 39424K, 0% used [0x00000007d5f00000,0x00000007d5f00000,0x00000007d8580000)
  from space 4096K, 0% used [0x00000007d8a80000,0x00000007d8a80000,0x00000007d8e80000)
  to   space 4608K, 0% used [0x00000007d8580000,0x00000007d8580000,0x00000007d8a00000)
 ParOldGen       total 1377280K, used 14238K [0x0000000781e00000, 0x00000007d5f00000, 0x00000007d5f00000)
  object space 1377280K, 1% used [0x0000000781e00000,0x0000000782be7b10,0x00000007d5f00000)
 PSPermGen       total 83968K, used 83966K [0x000000077cc00000, 0x0000000781e00000, 0x0000000781e00000)
  object space 83968K, 99% used [0x000000077cc00000,0x0000000781dff9f8,0x0000000781e00000)
}
Event: 2106.811 GC heap before
{Heap before GC invocations=70 (full 24):
 PSYoungGen      total 43520K, used 0K [0x00000007d5f00000, 0x00000007d8e80000, 0x0000000800000000)
  eden space 39424K, 0% used [0x00000007d5f00000,0x00000007d5f00000,0x00000007d8580000)
  from space 4096K, 0% used [0x00000007d8a80000,0x00000007d8a80000,0x00000007d8e80000)
  to   space 4608K, 0% used [0x00000007d8580000,0x00000007d8580000,0x00000007d8a00000)
 ParOldGen       total 1377280K, used 14238K [0x0000000781e00000, 0x00000007d5f00000, 0x00000007d5f00000)
  object space 1377280K, 1% used [0x0000000781e00000,0x0000000782be7b10,0x00000007d5f00000)
 PSPermGen       total 83968K, used 83966K [0x000000077cc00000, 0x0000000781e00000, 0x0000000781e00000)
  object space 83968K, 99% used [0x000000077cc00000,0x0000000781dff9f8,0x0000000781e00000)
Event: 2106.868 GC heap after
Heap after GC invocations=70 (full 24):
 PSYoungGen      total 43520K, used 0K [0x00000007d5f00000, 0x00000007d8e80000, 0x0000000800000000)
  eden space 39424K, 0% used [0x00000007d5f00000,0x00000007d5f00000,0x00000007d8580000)
  from space 4096K, 0% used [0x00000007d8a80000,0x00000007d8a80000,0x00000007d8e80000)
  to   space 4608K, 0% used [0x00000007d8580000,0x00000007d8580000,0x00000007d8a00000)
 ParOldGen       total 1377280K, used 14238K [0x0000000781e00000, 0x00000007d5f00000, 0x00000007d5f00000)
  object space 1377280K, 1% used [0x0000000781e00000,0x0000000782be7b10,0x00000007d5f00000)
 PSPermGen       total 83968K, used 83966K [0x000000077cc00000, 0x0000000781e00000, 0x0000000781e00000)
  object space 83968K, 99% used [0x000000077cc00000,0x0000000781dff9f8,0x0000000781e00000)
}

